mode: set
github.com/gopherguides/hype/code.go:14.51,17.16 2 1
github.com/gopherguides/hype/code.go:21.2,23.19 2 1
github.com/gopherguides/hype/code.go:27.2,27.29 1 1
github.com/gopherguides/hype/code.go:31.2,31.28 1 1
github.com/gopherguides/hype/code.go:17.16,19.3 1 1
github.com/gopherguides/hype/code.go:23.19,25.3 1 1
github.com/gopherguides/hype/code.go:27.29,29.3 1 1
github.com/gopherguides/hype/heading.go:25.30,26.37 1 1
github.com/gopherguides/hype/heading.go:31.2,31.10 1 0
github.com/gopherguides/hype/heading.go:26.37,27.22 1 1
github.com/gopherguides/hype/heading.go:27.22,29.4 1 1
github.com/gopherguides/hype/heading.go:34.34,40.2 5 1
github.com/gopherguides/hype/heading.go:43.31,45.16 2 1
github.com/gopherguides/hype/heading.go:49.2,50.21 2 1
github.com/gopherguides/hype/heading.go:53.2,53.11 1 1
github.com/gopherguides/hype/heading.go:45.16,47.3 1 0
github.com/gopherguides/hype/heading.go:50.21,52.3 1 0
github.com/gopherguides/hype/heading.go:57.67,59.22 2 1
github.com/gopherguides/hype/heading.go:62.2,62.56 1 1
github.com/gopherguides/hype/heading.go:59.22,61.3 1 0
github.com/gopherguides/hype/heading.go:66.47,72.2 2 1
github.com/gopherguides/hype/include.go:24.43,28.2 3 1
github.com/gopherguides/hype/include.go:30.34,31.19 1 1
github.com/gopherguides/hype/include.go:35.2,36.19 2 1
github.com/gopherguides/hype/include.go:40.2,40.49 1 1
github.com/gopherguides/hype/include.go:31.19,33.3 1 0
github.com/gopherguides/hype/include.go:36.19,38.3 1 1
github.com/gopherguides/hype/include.go:44.67,47.2 2 1
github.com/gopherguides/hype/include.go:50.79,53.2 2 1
github.com/gopherguides/hype/include.go:56.58,62.46 2 1
github.com/gopherguides/hype/include.go:66.2,67.9 2 1
github.com/gopherguides/hype/include.go:71.2,74.13 3 1
github.com/gopherguides/hype/include.go:86.2,90.16 4 1
github.com/gopherguides/hype/include.go:94.2,95.16 2 1
github.com/gopherguides/hype/include.go:99.2,100.16 2 1
github.com/gopherguides/hype/include.go:104.2,107.15 3 1
github.com/gopherguides/hype/include.go:62.46,64.3 1 1
github.com/gopherguides/hype/include.go:67.9,69.3 1 0
github.com/gopherguides/hype/include.go:75.22,75.22 0 1
github.com/gopherguides/hype/include.go:77.10,79.17 2 0
github.com/gopherguides/hype/include.go:82.3,83.16 2 0
github.com/gopherguides/hype/include.go:79.17,81.4 1 0
github.com/gopherguides/hype/include.go:90.16,92.3 1 0
github.com/gopherguides/hype/include.go:95.16,97.3 1 0
github.com/gopherguides/hype/include.go:100.16,102.3 1 0
github.com/gopherguides/hype/include.go:110.53,111.27 1 1
github.com/gopherguides/hype/include.go:111.27,118.28 3 1
github.com/gopherguides/hype/include.go:118.28,120.11 2 1
github.com/gopherguides/hype/include.go:124.4,125.11 2 1
github.com/gopherguides/hype/include.go:129.4,130.34 2 1
github.com/gopherguides/hype/include.go:134.4,136.20 2 1
github.com/gopherguides/hype/include.go:120.11,121.13 1 0
github.com/gopherguides/hype/include.go:125.11,126.13 1 0
github.com/gopherguides/hype/include.go:130.34,131.13 1 0
github.com/gopherguides/hype/snippet.go:20.37,22.2 1 1
github.com/gopherguides/hype/snippet.go:28.67,33.2 3 0
github.com/gopherguides/hype/snippet.go:37.55,41.2 3 0
github.com/gopherguides/hype/snippet.go:44.88,45.18 1 1
github.com/gopherguides/hype/snippet.go:48.2,52.9 4 1
github.com/gopherguides/hype/snippet.go:55.2,56.56 2 1
github.com/gopherguides/hype/snippet.go:93.2,93.19 1 1
github.com/gopherguides/hype/snippet.go:45.18,47.3 1 1
github.com/gopherguides/hype/snippet.go:52.9,54.3 1 1
github.com/gopherguides/hype/snippet.go:56.56,61.17 4 1
github.com/gopherguides/hype/snippet.go:65.3,65.57 1 1
github.com/gopherguides/hype/snippet.go:86.3,86.29 1 1
github.com/gopherguides/hype/snippet.go:61.17,63.4 1 0
github.com/gopherguides/hype/snippet.go:65.57,69.10 4 1
github.com/gopherguides/hype/snippet.go:74.4,74.11 1 1
github.com/gopherguides/hype/snippet.go:82.4,83.12 2 1
github.com/gopherguides/hype/snippet.go:69.10,73.5 3 1
github.com/gopherguides/hype/snippet.go:74.11,80.5 5 1
github.com/gopherguides/hype/snippet.go:86.29,89.4 2 1
github.com/gopherguides/hype/source.go:31.30,33.2 1 1
github.com/gopherguides/hype/source.go:36.31,38.2 1 1
github.com/gopherguides/hype/source.go:41.30,43.2 1 1
github.com/gopherguides/hype/source.go:45.33,47.2 1 1
github.com/gopherguides/hype/source.go:52.31,56.19 3 1
github.com/gopherguides/hype/source.go:60.2,60.12 1 1
github.com/gopherguides/hype/source.go:56.19,58.3 1 1
github.com/gopherguides/hype/source.go:64.35,66.17 2 1
github.com/gopherguides/hype/source.go:70.2,70.10 1 1
github.com/gopherguides/hype/source.go:66.17,68.3 1 1
github.com/gopherguides/hype/source.go:74.37,77.2 2 1
github.com/gopherguides/hype/source.go:80.42,83.16 2 1
github.com/gopherguides/hype/source.go:87.2,88.18 2 1
github.com/gopherguides/hype/source.go:92.2,92.16 1 1
github.com/gopherguides/hype/source.go:83.16,85.3 1 0
github.com/gopherguides/hype/source.go:88.18,90.3 1 1
github.com/gopherguides/hype/source.go:96.31,106.2 2 1
github.com/gopherguides/hype/source.go:109.31,119.2 2 1
github.com/gopherguides/hype/source.go:122.58,123.17 1 1
github.com/gopherguides/hype/source.go:127.2,127.37 1 1
github.com/gopherguides/hype/source.go:123.17,125.3 1 0
github.com/gopherguides/hype/source.go:131.68,132.17 1 1
github.com/gopherguides/hype/source.go:136.2,137.16 2 1
github.com/gopherguides/hype/source.go:141.2,141.27 1 1
github.com/gopherguides/hype/source.go:145.2,146.16 2 1
github.com/gopherguides/hype/source.go:150.2,151.16 2 1
github.com/gopherguides/hype/source.go:155.2,163.33 2 1
github.com/gopherguides/hype/source.go:132.17,134.3 1 1
github.com/gopherguides/hype/source.go:137.16,139.3 1 0
github.com/gopherguides/hype/source.go:141.27,143.3 1 1
github.com/gopherguides/hype/source.go:146.16,148.3 1 0
github.com/gopherguides/hype/source.go:151.16,153.3 1 0
github.com/gopherguides/hype/source.go:170.33,171.39 1 0
github.com/gopherguides/hype/source.go:176.2,177.28 2 0
github.com/gopherguides/hype/source.go:171.39,174.3 2 0
github.com/gopherguides/hype/attributes.go:17.44,18.33 1 1
github.com/gopherguides/hype/attributes.go:22.2,23.22 2 1
github.com/gopherguides/hype/attributes.go:18.33,20.3 1 1
github.com/gopherguides/hype/attributes.go:27.40,28.36 1 1
github.com/gopherguides/hype/attributes.go:32.2,32.29 1 0
github.com/gopherguides/hype/attributes.go:28.36,30.3 1 1
github.com/gopherguides/hype/cache.go:17.40,19.2 1 0
github.com/gopherguides/hype/cache.go:32.30,33.14 1 0
github.com/gopherguides/hype/cache.go:37.2,41.16 4 0
github.com/gopherguides/hype/cache.go:45.2,49.12 4 0
github.com/gopherguides/hype/cache.go:33.14,35.3 1 0
github.com/gopherguides/hype/cache.go:41.16,43.3 1 0
github.com/gopherguides/hype/cache.go:53.31,54.14 1 0
github.com/gopherguides/hype/cache.go:58.2,59.17 2 0
github.com/gopherguides/hype/cache.go:63.2,64.12 2 0
github.com/gopherguides/hype/cache.go:54.14,56.3 1 0
github.com/gopherguides/hype/cache.go:59.17,61.3 1 0
github.com/gopherguides/hype/cache.go:68.51,69.14 1 0
github.com/gopherguides/hype/cache.go:73.2,73.19 1 0
github.com/gopherguides/hype/cache.go:101.2,101.20 1 0
github.com/gopherguides/hype/cache.go:69.14,71.3 1 0
github.com/gopherguides/hype/cache.go:73.19,78.16 4 0
github.com/gopherguides/hype/cache.go:82.3,83.17 2 0
github.com/gopherguides/hype/cache.go:88.3,88.43 1 0
github.com/gopherguides/hype/cache.go:93.3,93.17 1 0
github.com/gopherguides/hype/cache.go:98.3,98.12 1 0
github.com/gopherguides/hype/cache.go:78.16,80.4 1 0
github.com/gopherguides/hype/cache.go:83.17,86.4 2 0
github.com/gopherguides/hype/cache.go:88.43,91.4 2 0
github.com/gopherguides/hype/cache.go:93.17,96.4 2 0
github.com/gopherguides/hype/cache.go:105.37,107.2 1 0
github.com/gopherguides/hype/cache.go:110.68,113.16 2 0
github.com/gopherguides/hype/cache.go:117.2,117.43 1 0
github.com/gopherguides/hype/cache.go:113.16,115.3 1 0
github.com/gopherguides/hype/cache.go:117.43,119.17 2 0
github.com/gopherguides/hype/cache.go:123.3,123.38 1 0
github.com/gopherguides/hype/cache.go:119.17,121.4 1 0
github.com/gopherguides/hype/cache.go:128.67,131.16 2 0
github.com/gopherguides/hype/cache.go:135.2,137.40 2 0
github.com/gopherguides/hype/cache.go:153.2,153.16 1 0
github.com/gopherguides/hype/cache.go:158.2,158.17 1 0
github.com/gopherguides/hype/cache.go:131.16,133.3 1 0
github.com/gopherguides/hype/cache.go:137.40,139.18 2 0
github.com/gopherguides/hype/cache.go:143.3,144.34 2 0
github.com/gopherguides/hype/cache.go:149.3,149.13 1 0
github.com/gopherguides/hype/cache.go:139.18,141.4 1 0
github.com/gopherguides/hype/cache.go:144.34,147.4 1 0
github.com/gopherguides/hype/cache.go:153.16,155.3 1 0
github.com/gopherguides/hype/doctype.go:16.35,18.2 1 1
github.com/gopherguides/hype/doctype.go:20.68,22.2 1 1
github.com/gopherguides/hype/doctype.go:25.64,27.2 1 1
github.com/gopherguides/hype/doctype.go:30.49,37.2 2 1
github.com/gopherguides/hype/file.go:22.40,26.2 3 1
github.com/gopherguides/hype/file.go:29.38,34.2 3 0
github.com/gopherguides/hype/file.go:36.32,37.19 1 1
github.com/gopherguides/hype/file.go:41.2,50.20 6 1
github.com/gopherguides/hype/file.go:37.19,39.3 1 0
github.com/gopherguides/hype/file.go:54.64,58.2 2 1
github.com/gopherguides/hype/file.go:61.77,65.2 2 0
github.com/gopherguides/hype/file.go:68.52,74.2 2 1
github.com/gopherguides/hype/atom.go:11.45,13.2 1 1
github.com/gopherguides/hype/printer.go:13.47,15.2 1 1
github.com/gopherguides/hype/printer.go:26.47,28.21 2 1
github.com/gopherguides/hype/printer.go:31.2,34.11 3 1
github.com/gopherguides/hype/printer.go:28.21,30.3 1 0
github.com/gopherguides/hype/printer.go:38.44,45.27 2 1
github.com/gopherguides/hype/printer.go:64.2,64.12 1 1
github.com/gopherguides/hype/printer.go:45.27,48.17 2 1
github.com/gopherguides/hype/printer.go:52.3,53.10 2 1
github.com/gopherguides/hype/printer.go:57.3,58.55 2 1
github.com/gopherguides/hype/printer.go:61.3,61.35 1 1
github.com/gopherguides/hype/printer.go:48.17,50.4 1 0
github.com/gopherguides/hype/printer.go:53.10,55.4 1 0
github.com/gopherguides/hype/printer.go:58.55,60.4 1 0
github.com/gopherguides/hype/printer.go:68.51,70.2 1 1
github.com/gopherguides/hype/printer.go:73.52,78.2 3 1
github.com/gopherguides/hype/printer.go:81.42,85.2 3 0
github.com/gopherguides/hype/printer.go:89.35,93.21 3 1
github.com/gopherguides/hype/printer.go:97.2,97.18 1 0
github.com/gopherguides/hype/printer.go:93.21,95.3 1 1
github.com/gopherguides/hype/printer.go:101.39,109.2 2 1
github.com/gopherguides/hype/comment.go:16.34,18.2 1 1
github.com/gopherguides/hype/comment.go:20.67,22.2 1 1
github.com/gopherguides/hype/comment.go:25.64,27.2 1 1
github.com/gopherguides/hype/comment.go:30.49,36.2 2 1
github.com/gopherguides/hype/toc.go:19.30,21.32 2 1
github.com/gopherguides/hype/toc.go:25.2,26.35 2 1
github.com/gopherguides/hype/toc.go:29.2,29.20 1 1
github.com/gopherguides/hype/toc.go:21.32,23.3 1 1
github.com/gopherguides/hype/toc.go:26.35,28.3 1 1
github.com/gopherguides/hype/toc.go:33.66,38.27 2 1
github.com/gopherguides/hype/toc.go:49.2,49.17 1 1
github.com/gopherguides/hype/toc.go:38.27,47.3 3 1
github.com/gopherguides/hype/toc.go:52.38,54.30 1 1
github.com/gopherguides/hype/toc.go:58.2,58.27 1 1
github.com/gopherguides/hype/toc.go:54.30,56.3 1 1
github.com/gopherguides/hype/toc.go:58.27,64.21 2 1
github.com/gopherguides/hype/toc.go:65.17,68.50 2 1
github.com/gopherguides/hype/toc.go:69.17,72.50 3 1
github.com/gopherguides/hype/toc.go:73.17,76.50 3 1
github.com/gopherguides/hype/toc.go:77.17,80.50 3 1
github.com/gopherguides/hype/toc.go:81.17,84.50 3 0
github.com/gopherguides/hype/toc.go:85.19,87.10 2 1
github.com/gopherguides/hype/toc.go:91.4,91.38 1 1
github.com/gopherguides/hype/toc.go:87.10,89.5 1 1
github.com/gopherguides/hype/head.go:18.34,26.2 5 1
github.com/gopherguides/hype/head.go:28.68,30.2 1 1
github.com/gopherguides/hype/head.go:32.41,48.51 2 1
github.com/gopherguides/hype/head.go:54.2,62.18 3 1
github.com/gopherguides/hype/head.go:48.51,49.45 1 1
github.com/gopherguides/hype/head.go:49.45,51.4 1 1
github.com/gopherguides/hype/markdown.go:11.57,15.16 3 1
github.com/gopherguides/hype/markdown.go:19.2,24.16 4 1
github.com/gopherguides/hype/markdown.go:28.2,28.17 1 1
github.com/gopherguides/hype/markdown.go:15.16,17.3 1 0
github.com/gopherguides/hype/markdown.go:24.16,26.3 1 0
github.com/gopherguides/hype/page.go:29.33,31.2 1 1
github.com/gopherguides/hype/page.go:33.34,39.19 4 1
github.com/gopherguides/hype/page.go:43.2,44.20 2 1
github.com/gopherguides/hype/page.go:39.19,41.3 1 1
github.com/gopherguides/hype/page.go:47.34,49.2 1 1
github.com/gopherguides/hype/page.go:51.67,53.2 1 1
github.com/gopherguides/hype/page.go:55.40,57.26 2 1
github.com/gopherguides/hype/page.go:57.26,61.3 3 1
github.com/gopherguides/hype/page.go:65.41,71.2 2 1
github.com/gopherguides/hype/source_code.go:33.46,37.2 3 1
github.com/gopherguides/hype/source_code.go:39.42,43.2 3 1
github.com/gopherguides/hype/source_code.go:45.36,46.21 1 1
github.com/gopherguides/hype/source_code.go:50.2,57.13 6 1
github.com/gopherguides/hype/source_code.go:46.21,48.3 1 1
github.com/gopherguides/hype/source_code.go:60.40,64.2 2 1
github.com/gopherguides/hype/source_code.go:66.38,70.2 2 1
github.com/gopherguides/hype/source_code.go:74.38,75.19 1 1
github.com/gopherguides/hype/source_code.go:79.2,83.49 4 1
github.com/gopherguides/hype/source_code.go:90.2,97.20 7 1
github.com/gopherguides/hype/source_code.go:75.19,77.3 1 0
github.com/gopherguides/hype/source_code.go:83.49,85.43 2 1
github.com/gopherguides/hype/source_code.go:88.3,88.30 1 1
github.com/gopherguides/hype/source_code.go:85.43,86.12 1 1
github.com/gopherguides/hype/source_code.go:100.71,101.39 1 1
github.com/gopherguides/hype/source_code.go:114.2,116.57 2 1
github.com/gopherguides/hype/source_code.go:101.39,103.32 1 1
github.com/gopherguides/hype/source_code.go:107.3,107.39 1 1
github.com/gopherguides/hype/source_code.go:111.3,111.13 1 1
github.com/gopherguides/hype/source_code.go:103.32,105.4 1 1
github.com/gopherguides/hype/source_code.go:107.39,109.4 1 0
github.com/gopherguides/hype/source_code.go:119.84,122.2 2 0
github.com/gopherguides/hype/source_code.go:124.89,129.40 2 1
github.com/gopherguides/hype/source_code.go:133.2,134.16 2 1
github.com/gopherguides/hype/source_code.go:138.2,138.37 1 1
github.com/gopherguides/hype/source_code.go:142.2,147.16 5 1
github.com/gopherguides/hype/source_code.go:150.2,153.16 3 1
github.com/gopherguides/hype/source_code.go:156.2,158.37 2 1
github.com/gopherguides/hype/source_code.go:166.2,174.16 4 1
github.com/gopherguides/hype/source_code.go:178.2,180.15 2 1
github.com/gopherguides/hype/source_code.go:129.40,131.3 1 1
github.com/gopherguides/hype/source_code.go:134.16,136.3 1 0
github.com/gopherguides/hype/source_code.go:138.37,140.3 1 0
github.com/gopherguides/hype/source_code.go:147.16,149.3 1 1
github.com/gopherguides/hype/source_code.go:153.16,155.3 1 0
github.com/gopherguides/hype/source_code.go:158.37,160.10 2 1
github.com/gopherguides/hype/source_code.go:163.3,163.28 1 1
github.com/gopherguides/hype/source_code.go:160.10,162.4 1 0
github.com/gopherguides/hype/source_code.go:174.16,176.3 1 0
github.com/gopherguides/hype/body.go:19.31,24.19 4 1
github.com/gopherguides/hype/body.go:28.2,29.20 2 1
github.com/gopherguides/hype/body.go:24.19,26.3 1 1
github.com/gopherguides/hype/body.go:33.30,41.2 3 1
github.com/gopherguides/hype/body.go:44.64,47.2 2 1
github.com/gopherguides/hype/body.go:50.41,56.2 2 1
github.com/gopherguides/hype/document.go:18.35,20.2 1 1
github.com/gopherguides/hype/document.go:23.38,25.20 2 1
github.com/gopherguides/hype/document.go:28.2,28.39 1 1
github.com/gopherguides/hype/document.go:25.20,27.3 1 0
github.com/gopherguides/hype/document.go:31.49,37.2 2 1
github.com/gopherguides/hype/document.go:40.35,41.16 1 1
github.com/gopherguides/hype/document.go:45.2,45.38 1 1
github.com/gopherguides/hype/document.go:41.16,43.3 1 0
github.com/gopherguides/hype/document.go:49.68,54.2 3 1
github.com/gopherguides/hype/document.go:58.63,65.40 2 1
github.com/gopherguides/hype/document.go:69.2,70.15 2 1
github.com/gopherguides/hype/document.go:79.2,80.16 2 1
github.com/gopherguides/hype/document.go:84.2,85.16 2 1
github.com/gopherguides/hype/document.go:89.2,89.17 1 1
github.com/gopherguides/hype/document.go:65.40,67.3 1 1
github.com/gopherguides/hype/document.go:70.15,72.17 2 1
github.com/gopherguides/hype/document.go:75.3,76.20 2 1
github.com/gopherguides/hype/document.go:72.17,74.4 1 0
github.com/gopherguides/hype/document.go:80.16,82.3 1 0
github.com/gopherguides/hype/document.go:85.16,87.3 1 0
github.com/gopherguides/hype/document.go:92.46,93.27 1 1
github.com/gopherguides/hype/document.go:108.2,108.12 1 1
github.com/gopherguides/hype/document.go:93.27,94.35 1 1
github.com/gopherguides/hype/document.go:100.3,101.17 2 1
github.com/gopherguides/hype/document.go:94.35,95.40 1 0
github.com/gopherguides/hype/document.go:95.40,97.5 1 0
github.com/gopherguides/hype/document.go:101.17,103.4 1 0
github.com/gopherguides/hype/document.go:112.44,113.16 1 1
github.com/gopherguides/hype/document.go:117.2,118.22 2 1
github.com/gopherguides/hype/document.go:122.2,122.23 1 1
github.com/gopherguides/hype/document.go:113.16,115.3 1 1
github.com/gopherguides/hype/document.go:118.22,120.3 1 0
github.com/gopherguides/hype/document.go:126.36,127.16 1 1
github.com/gopherguides/hype/document.go:131.2,133.20 2 1
github.com/gopherguides/hype/document.go:137.2,138.16 2 1
github.com/gopherguides/hype/document.go:141.2,141.29 1 1
github.com/gopherguides/hype/document.go:127.16,129.3 1 0
github.com/gopherguides/hype/document.go:133.20,135.3 1 1
github.com/gopherguides/hype/document.go:138.16,140.3 1 0
github.com/gopherguides/hype/meta.go:19.31,21.2 1 1
github.com/gopherguides/hype/meta.go:24.65,25.14 1 1
github.com/gopherguides/hype/meta.go:29.2,29.56 1 1
github.com/gopherguides/hype/meta.go:25.14,27.3 1 0
github.com/gopherguides/hype/meta.go:33.41,39.2 2 1
github.com/gopherguides/hype/node.go:33.37,34.31 1 1
github.com/gopherguides/hype/node.go:38.2,38.20 1 1
github.com/gopherguides/hype/node.go:34.31,36.3 1 0
github.com/gopherguides/hype/node.go:42.87,43.14 1 1
github.com/gopherguides/hype/node.go:47.2,47.19 1 1
github.com/gopherguides/hype/node.go:51.2,51.13 1 1
github.com/gopherguides/hype/node.go:55.2,55.20 1 1
github.com/gopherguides/hype/node.go:59.2,59.31 1 1
github.com/gopherguides/hype/node.go:65.2,65.12 1 1
github.com/gopherguides/hype/node.go:43.14,45.3 1 1
github.com/gopherguides/hype/node.go:47.19,49.3 1 1
github.com/gopherguides/hype/node.go:51.13,53.3 1 1
github.com/gopherguides/hype/node.go:55.20,57.3 1 1
github.com/gopherguides/hype/node.go:59.31,60.33 1 1
github.com/gopherguides/hype/node.go:60.33,62.4 1 1
github.com/gopherguides/hype/node.go:69.30,76.2 2 1
github.com/gopherguides/hype/node.go:79.28,84.2 3 1
github.com/gopherguides/hype/node.go:86.34,93.18 5 1
github.com/gopherguides/hype/node.go:96.2,97.20 2 1
github.com/gopherguides/hype/node.go:93.18,95.3 1 1
github.com/gopherguides/hype/node.go:100.32,102.2 1 1
github.com/gopherguides/hype/node.go:104.35,109.2 4 1
github.com/gopherguides/hype/node.go:112.35,114.2 1 1
github.com/gopherguides/hype/node.go:117.31,119.2 1 1
github.com/gopherguides/hype/node.go:122.35,126.20 3 1
github.com/gopherguides/hype/node.go:130.2,131.28 2 1
github.com/gopherguides/hype/node.go:135.2,135.12 1 1
github.com/gopherguides/hype/node.go:126.20,128.3 1 0
github.com/gopherguides/hype/node.go:131.28,133.3 1 1
github.com/gopherguides/hype/node.go:139.35,142.20 3 0
github.com/gopherguides/hype/node.go:145.2,145.22 1 0
github.com/gopherguides/hype/node.go:142.20,144.3 1 0
github.com/gopherguides/hype/node.go:149.44,152.20 3 1
github.com/gopherguides/hype/node.go:155.2,155.20 1 1
github.com/gopherguides/hype/node.go:152.20,154.3 1 0
github.com/gopherguides/hype/node.go:159.48,161.20 2 1
github.com/gopherguides/hype/node.go:164.2,168.25 4 1
github.com/gopherguides/hype/node.go:161.20,163.3 1 0
github.com/gopherguides/hype/node.go:172.34,179.14 2 1
github.com/gopherguides/hype/node.go:183.2,183.13 1 1
github.com/gopherguides/hype/node.go:179.14,181.3 1 1
github.com/gopherguides/hype/node.go:186.46,188.2 1 1
github.com/gopherguides/hype/node.go:192.58,193.17 1 1
github.com/gopherguides/hype/node.go:197.2,197.19 1 1
github.com/gopherguides/hype/node.go:211.2,211.49 1 0
github.com/gopherguides/hype/node.go:193.17,195.3 1 1
github.com/gopherguides/hype/node.go:198.24,199.28 1 1
github.com/gopherguides/hype/node.go:200.24,201.28 1 1
github.com/gopherguides/hype/node.go:202.25,203.29 1 1
github.com/gopherguides/hype/node.go:204.24,205.29 1 1
github.com/gopherguides/hype/node.go:206.22,207.36 1 1
github.com/gopherguides/hype/node.go:208.21,209.25 1 1
github.com/gopherguides/hype/title.go:5.34,7.21 2 1
github.com/gopherguides/hype/title.go:11.2,12.18 2 1
github.com/gopherguides/hype/title.go:16.2,16.19 1 1
github.com/gopherguides/hype/title.go:7.21,9.3 1 1
github.com/gopherguides/hype/title.go:12.18,14.3 1 1
github.com/gopherguides/hype/title.go:22.37,24.2 1 1
github.com/gopherguides/hype/title.go:26.51,28.21 2 1
github.com/gopherguides/hype/title.go:38.2,39.18 2 1
github.com/gopherguides/hype/title.go:48.2,48.54 1 1
github.com/gopherguides/hype/title.go:28.21,30.10 2 1
github.com/gopherguides/hype/title.go:34.3,35.13 2 1
github.com/gopherguides/hype/title.go:30.10,32.4 1 0
github.com/gopherguides/hype/title.go:39.18,41.10 2 1
github.com/gopherguides/hype/title.go:44.3,45.13 2 1
github.com/gopherguides/hype/title.go:41.10,43.4 1 0
github.com/gopherguides/hype/element.go:19.34,22.31 2 1
github.com/gopherguides/hype/element.go:26.2,30.19 4 1
github.com/gopherguides/hype/element.go:34.2,35.20 2 1
github.com/gopherguides/hype/element.go:22.31,24.3 1 1
github.com/gopherguides/hype/element.go:30.19,32.3 1 1
github.com/gopherguides/hype/element.go:39.67,41.2 1 1
github.com/gopherguides/hype/element.go:44.57,48.16 3 1
github.com/gopherguides/hype/element.go:52.2,53.15 2 1
github.com/gopherguides/hype/element.go:62.2,62.51 1 1
github.com/gopherguides/hype/element.go:66.2,70.16 2 1
github.com/gopherguides/hype/element.go:48.16,50.3 1 0
github.com/gopherguides/hype/element.go:53.15,55.17 2 1
github.com/gopherguides/hype/element.go:58.3,59.20 2 1
github.com/gopherguides/hype/element.go:55.17,57.4 1 0
github.com/gopherguides/hype/element.go:62.51,64.3 1 1
github.com/gopherguides/hype/fenced_code.go:23.37,32.2 7 1
github.com/gopherguides/hype/fenced_code.go:36.36,38.34 2 1
github.com/gopherguides/hype/fenced_code.go:42.2,42.24 1 1
github.com/gopherguides/hype/fenced_code.go:52.2,52.16 1 0
github.com/gopherguides/hype/fenced_code.go:38.34,40.3 1 1
github.com/gopherguides/hype/fenced_code.go:42.24,43.41 1 1
github.com/gopherguides/hype/fenced_code.go:47.3,49.14 3 1
github.com/gopherguides/hype/fenced_code.go:43.41,44.12 1 0
github.com/gopherguides/hype/fenced_code.go:55.71,58.2 2 1
github.com/gopherguides/hype/fenced_code.go:61.53,66.40 2 1
github.com/gopherguides/hype/fenced_code.go:70.2,74.15 4 1
github.com/gopherguides/hype/fenced_code.go:66.40,68.3 1 1
github.com/gopherguides/hype/inline_code.go:25.36,27.2 1 1
github.com/gopherguides/hype/inline_code.go:29.38,39.2 7 1
github.com/gopherguides/hype/inline_code.go:42.72,45.2 2 1
github.com/gopherguides/hype/inline_code.go:48.53,54.2 2 1
github.com/gopherguides/hype/parser.go:29.25,30.19 1 1
github.com/gopherguides/hype/parser.go:30.19,32.28 1 1
github.com/gopherguides/hype/parser.go:36.3,36.26 1 1
github.com/gopherguides/hype/parser.go:40.3,40.60 1 1
github.com/gopherguides/hype/parser.go:44.3,44.40 1 1
github.com/gopherguides/hype/parser.go:48.3,51.60 3 1
github.com/gopherguides/hype/parser.go:55.3,55.60 1 1
github.com/gopherguides/hype/parser.go:59.3,59.60 1 1
github.com/gopherguides/hype/parser.go:63.3,63.65 1 1
github.com/gopherguides/hype/parser.go:67.3,67.63 1 1
github.com/gopherguides/hype/parser.go:71.3,71.60 1 1
github.com/gopherguides/hype/parser.go:75.3,75.60 1 1
github.com/gopherguides/hype/parser.go:79.3,79.38 1 1
github.com/gopherguides/hype/parser.go:32.28,34.4 1 0
github.com/gopherguides/hype/parser.go:36.26,38.4 1 0
github.com/gopherguides/hype/parser.go:40.60,42.4 1 1
github.com/gopherguides/hype/parser.go:44.40,46.4 1 1
github.com/gopherguides/hype/parser.go:51.60,53.4 1 1
github.com/gopherguides/hype/parser.go:55.60,57.4 1 1
github.com/gopherguides/hype/parser.go:59.60,61.4 1 1
github.com/gopherguides/hype/parser.go:63.65,65.4 1 1
github.com/gopherguides/hype/parser.go:67.63,69.4 1 1
github.com/gopherguides/hype/parser.go:71.60,73.4 1 1
github.com/gopherguides/hype/parser.go:75.60,77.4 1 1
github.com/gopherguides/hype/parser.go:79.38,80.52 1 1
github.com/gopherguides/hype/parser.go:80.52,82.5 1 1
github.com/gopherguides/hype/parser.go:88.64,94.2 4 1
github.com/gopherguides/hype/parser.go:97.58,102.16 4 1
github.com/gopherguides/hype/parser.go:106.2,107.16 2 1
github.com/gopherguides/hype/parser.go:110.2,114.35 3 1
github.com/gopherguides/hype/parser.go:118.2,118.33 1 1
github.com/gopherguides/hype/parser.go:122.2,122.16 1 1
github.com/gopherguides/hype/parser.go:102.16,104.3 1 0
github.com/gopherguides/hype/parser.go:107.16,109.3 1 0
github.com/gopherguides/hype/parser.go:114.35,116.3 1 1
github.com/gopherguides/hype/parser.go:118.33,120.3 1 1
github.com/gopherguides/hype/parser.go:126.44,127.16 1 1
github.com/gopherguides/hype/parser.go:131.2,140.15 2 1
github.com/gopherguides/hype/parser.go:127.16,129.3 1 0
github.com/gopherguides/hype/parser.go:145.60,148.16 3 1
github.com/gopherguides/hype/parser.go:151.2,153.33 2 1
github.com/gopherguides/hype/parser.go:162.2,163.16 2 1
github.com/gopherguides/hype/parser.go:167.2,167.17 1 1
github.com/gopherguides/hype/parser.go:148.16,150.3 1 0
github.com/gopherguides/hype/parser.go:153.33,155.17 2 1
github.com/gopherguides/hype/parser.go:159.3,159.24 1 1
github.com/gopherguides/hype/parser.go:155.17,157.4 1 0
github.com/gopherguides/hype/parser.go:163.16,165.3 1 0
github.com/gopherguides/hype/parser.go:171.62,175.27 3 1
github.com/gopherguides/hype/parser.go:182.2,183.16 2 1
github.com/gopherguides/hype/parser.go:187.2,187.28 1 1
github.com/gopherguides/hype/parser.go:175.27,177.17 2 1
github.com/gopherguides/hype/parser.go:177.17,179.4 1 0
github.com/gopherguides/hype/parser.go:183.16,185.3 1 0
github.com/gopherguides/hype/parser.go:192.65,200.2 5 1
github.com/gopherguides/hype/tag.go:35.67,36.25 1 1
github.com/gopherguides/hype/tag.go:47.2,47.12 1 1
github.com/gopherguides/hype/tag.go:36.25,37.35 1 1
github.com/gopherguides/hype/tag.go:43.3,43.64 1 1
github.com/gopherguides/hype/tag.go:37.35,38.51 1 1
github.com/gopherguides/hype/tag.go:38.51,40.5 1 0
github.com/gopherguides/hype/tag.go:43.64,45.4 1 0
github.com/gopherguides/hype/tag.go:50.34,52.25 2 1
github.com/gopherguides/hype/tag.go:55.2,55.28 1 1
github.com/gopherguides/hype/tag.go:52.25,54.3 1 1
github.com/gopherguides/hype/tag.go:59.44,61.25 2 1
github.com/gopherguides/hype/tag.go:70.2,70.12 1 1
github.com/gopherguides/hype/tag.go:61.25,62.26 1 1
github.com/gopherguides/hype/tag.go:68.3,68.56 1 1
github.com/gopherguides/hype/tag.go:62.26,63.21 1 1
github.com/gopherguides/hype/tag.go:63.21,65.10 2 1
github.com/gopherguides/hype/tag.go:74.43,76.2 1 1
github.com/gopherguides/hype/tag.go:79.49,81.25 2 1
github.com/gopherguides/hype/tag.go:90.2,90.12 1 1
github.com/gopherguides/hype/tag.go:81.25,84.24 2 1
github.com/gopherguides/hype/tag.go:88.3,88.55 1 1
github.com/gopherguides/hype/tag.go:84.24,86.4 1 1
github.com/gopherguides/hype/tag.go:94.48,96.2 1 1
github.com/gopherguides/hype/tag.go:99.43,102.25 2 1
github.com/gopherguides/hype/tag.go:110.2,110.12 1 1
github.com/gopherguides/hype/tag.go:102.25,103.25 1 1
github.com/gopherguides/hype/tag.go:107.3,107.54 1 1
github.com/gopherguides/hype/tag.go:103.25,105.4 1 1
github.com/gopherguides/hype/tag.go:113.45,115.25 2 1
github.com/gopherguides/hype/tag.go:124.2,124.12 1 1
github.com/gopherguides/hype/tag.go:115.25,116.28 1 1
github.com/gopherguides/hype/tag.go:120.3,122.23 3 1
github.com/gopherguides/hype/tag.go:116.28,117.12 1 1
github.com/gopherguides/hype/file_group.go:24.36,27.20 3 1
github.com/gopherguides/hype/file_group.go:31.2,32.13 2 1
github.com/gopherguides/hype/file_group.go:27.20,30.3 2 1
github.com/gopherguides/hype/file_group.go:35.38,46.2 7 1
github.com/gopherguides/hype/file_group.go:49.70,58.2 2 1
github.com/gopherguides/hype/file_group.go:61.51,68.2 2 1
github.com/gopherguides/hype/image.go:19.41,23.2 3 1
github.com/gopherguides/hype/image.go:26.37,30.2 3 1
github.com/gopherguides/hype/image.go:32.32,33.19 1 1
github.com/gopherguides/hype/image.go:36.2,36.22 1 1
github.com/gopherguides/hype/image.go:33.19,35.3 1 0
github.com/gopherguides/hype/image.go:40.65,43.2 2 1
github.com/gopherguides/hype/image.go:46.78,50.2 2 1
github.com/gopherguides/hype/image.go:53.54,59.2 2 1
github.com/gopherguides/hype/text.go:16.33,18.2 1 1
github.com/gopherguides/hype/text.go:20.31,22.2 1 1
github.com/gopherguides/hype/text.go:24.31,25.19 1 1
github.com/gopherguides/hype/text.go:28.2,28.20 1 1
github.com/gopherguides/hype/text.go:25.19,27.3 1 0
github.com/gopherguides/hype/text.go:31.64,33.2 1 1
github.com/gopherguides/hype/text.go:36.46,42.2 2 1
github.com/gopherguides/hype/text.go:45.32,51.2 3 1
github.com/gopherguides/hype/text.go:54.58,56.2 1 1
github.com/gopherguides/hype/validate.go:24.47,25.40 1 1
github.com/gopherguides/hype/validate.go:25.40,27.27 1 1
github.com/gopherguides/hype/validate.go:31.3,31.13 1 1
github.com/gopherguides/hype/validate.go:27.27,29.4 1 1
github.com/gopherguides/hype/validate.go:37.54,38.40 1 1
github.com/gopherguides/hype/validate.go:38.40,41.10 2 1
github.com/gopherguides/hype/validate.go:45.3,45.22 1 1
github.com/gopherguides/hype/validate.go:52.3,52.15 1 0
github.com/gopherguides/hype/validate.go:56.3,57.20 2 0
github.com/gopherguides/hype/validate.go:61.3,63.17 2 0
github.com/gopherguides/hype/validate.go:67.3,67.13 1 0
github.com/gopherguides/hype/validate.go:41.10,43.4 1 1
github.com/gopherguides/hype/validate.go:45.22,46.50 1 1
github.com/gopherguides/hype/validate.go:49.4,49.14 1 1
github.com/gopherguides/hype/validate.go:46.50,48.5 1 1
github.com/gopherguides/hype/validate.go:52.15,54.4 1 0
github.com/gopherguides/hype/validate.go:57.20,59.4 1 0
github.com/gopherguides/hype/validate.go:63.17,65.4 1 0
github.com/gopherguides/hype/validate.go:72.50,73.40 1 1
github.com/gopherguides/hype/validate.go:73.40,74.32 1 1
github.com/gopherguides/hype/validate.go:77.3,77.13 1 1
github.com/gopherguides/hype/validate.go:74.32,76.4 1 0
github.com/gopherguides/hype/validate.go:82.82,87.39 3 1
github.com/gopherguides/hype/validate.go:90.2,92.14 2 1
github.com/gopherguides/hype/validate.go:87.39,89.3 1 1
